*** 2025-04-30 08:46:27.939 idempiere Log (CLogFile) ***
08:46:27.937 Adempiere.startup: iDempiere(r) Release 13_2024-12-24 -Smart Suite ERP, CRM and SCM- (c) 1999-2025 iDempiere(r); Implementation: iDempiere - Supported by iDempiere community [22]
08:46:27.941-----------> Ini.loadProperties: D:\sham\Eval2\idempiere.properties not found [22]
08:46:27.973 Ini.loadProperties: D:\sham\Eval2\idempiere.properties #26 [22]
08:46:28.058===========> CConnection.setAttributes:  - java.lang.StringIndexOutOfBoundsException: begin 0, end -1, length 0 [22]
java.lang.StringIndexOutOfBoundsException: begin 0, end -1, length 0
	at java.base/java.lang.String.checkBoundsBeginEnd(String.java:4606)
	at java.base/java.lang.String.substring(String.java:2709)
	at org.compiere.db.CConnection.setAttributes(CConnection.java:939)
	at org.compiere.db.CConnection.get(CConnection.java:62)
	at org.compiere.Adempiere.startup(Adempiere.java:599)
	at org.idempiere.jetty.osgi.boot.fragment.FragmentActivator.start(FragmentActivator.java:43)
	at org.eclipse.jetty.ee8.osgi.boot.PackageAdminServiceTracker.invokeFragmentActivators(PackageAdminServiceTracker.java:248)
	at org.eclipse.jetty.ee8.osgi.boot.PackageAdminServiceTracker.setup(PackageAdminServiceTracker.java:75)
	at org.eclipse.jetty.ee8.osgi.boot.PackageAdminServiceTracker.<init>(PackageAdminServiceTracker.java:58)
	at org.eclipse.jetty.ee8.osgi.boot.EE8Activator.start(EE8Activator.java:452)
	at org.eclipse.osgi.internal.framework.BundleContextImpl$2.run(BundleContextImpl.java:818)
	at org.eclipse.osgi.internal.framework.BundleContextImpl$2.run(BundleContextImpl.java:1)
	at java.base/java.security.AccessController.doPrivileged(AccessController.java:569)
	at org.eclipse.osgi.internal.framework.BundleContextImpl.startActivator(BundleContextImpl.java:810)
	at org.eclipse.osgi.internal.framework.BundleContextImpl.start(BundleContextImpl.java:767)
	at org.eclipse.osgi.internal.framework.EquinoxBundle.startWorker0(EquinoxBundle.java:1032)
	at org.eclipse.osgi.internal.framework.EquinoxBundle$EquinoxModule.startWorker(EquinoxBundle.java:371)
	at org.eclipse.osgi.container.Module.doStart(Module.java:605)
	at org.eclipse.osgi.container.Module.start(Module.java:468)
	at org.eclipse.osgi.container.ModuleContainer$ContainerStartLevel$2.run(ModuleContainer.java:1852)
	at org.eclipse.osgi.internal.framework.EquinoxContainerAdaptor$1$1.execute(EquinoxContainerAdaptor.java:136)

08:46:32.038-----------> CPSubsystem: [192.168.88.3]:5701 [dev] [5.3.7] CP Subsystem is not enabled. CP data structures will operate in UNSAFE mode! Please note that UNSAFE mode will not provide strong consistency guarantees. [22]
08:46:35.609-----------> Activator.createHazelCastInstance: Starting hazelcast with default configuration [22]
08:46:35.644===========> Adempiere.startupEnvironment: No Database [22]
08:46:35.841-----------> JettyBootstrapActivator.startJettyAtJettyHome: Unable to locate the jetty.home folder jettyhome [22]
08:46:35.957===========> MTable.get: SELECT * FROM AD_Table WHERE UPPER(TableName)=? [325]
java.lang.NullPointerException: Cannot invoke "org.compiere.db.AdempiereDatabase.convertStatement(String)" because the return value of "org.compiere.util.DB.getDatabase()" is null
	at org.compiere.db.PreparedStatementProxy.<init>(PreparedStatementProxy.java:48)
	at org.compiere.db.ProxyFactory.newCPreparedStatement(ProxyFactory.java:54)
	at org.compiere.util.DB.prepareStatement(DB.java:754)
	at org.compiere.util.DB.prepareStatement(DB.java:711)
	at org.compiere.model.MTable.get(MTable.java:172)
	at org.compiere.model.MTable.get(MTable.java:143)
	at org.compiere.model.Query.<init>(Query.java:154)
	at org.adempiere.plugin.utils.Incremental2PackActivator.installPackage(Incremental2PackActivator.java:76)
	at org.adempiere.plugin.utils.Incremental2PackActivator$2.run(Incremental2PackActivator.java:292)
	at java.base/java.util.concurrent.Executors$RunnableAdapter.call(Executors.java:539)
	at java.base/java.util.concurrent.FutureTask.run(FutureTask.java:264)

